<?xml version="1.0" encoding="UTF-8"?>
<testng-results ignored="0" total="3" passed="2" failed="1" skipped="0">
  <reporter-output>
  </reporter-output>
  <suite started-at="2019-01-21T23:56:11Z" name="Default suite" finished-at="2019-01-21T23:56:58Z" duration-ms="46496">
    <groups>
      <group name="cucumber">
        <method signature="AbstractTestNGCucumberTests.feature(cucumber.api.testng.CucumberFeatureWrapper)[pri:0, instance:StepPack.TestRunner@175b9425]" name="feature" class="cucumber.api.testng.AbstractTestNGCucumberTests"/>
      </group> <!-- cucumber -->
    </groups>
    <test started-at="2019-01-21T23:56:11Z" name="Default test" finished-at="2019-01-21T23:56:58Z" duration-ms="46496">
      <class name="StepPack.TestRunner">
        <test-method is-config="true" signature="setUpClass()[pri:0, instance:StepPack.TestRunner@175b9425]" started-at="2019-01-21T23:56:11Z" name="setUpClass" finished-at="2019-01-21T23:56:12Z" duration-ms="225" status="PASS">
          <reporter-output>
          </reporter-output>
        </test-method> <!-- setUpClass -->
        <test-method signature="feature(cucumber.api.testng.CucumberFeatureWrapper)[pri:0, instance:StepPack.TestRunner@175b9425]" started-at="2019-01-21T23:56:12Z" name="feature" description="Runs Cucumber Feature" data-provider="features" finished-at="2019-01-21T23:56:40Z" duration-ms="28547" status="PASS">
          <params>
            <param index="0">
              <value>
                <![CDATA[Facebook signup]]>
              </value>
            </param>
          </params>
          <reporter-output>
          </reporter-output>
        </test-method> <!-- feature -->
        <test-method signature="feature(cucumber.api.testng.CucumberFeatureWrapper)[pri:0, instance:StepPack.TestRunner@175b9425]" started-at="2019-01-21T23:56:40Z" name="feature" description="Runs Cucumber Feature" data-provider="features" finished-at="2019-01-21T23:56:52Z" duration-ms="12270" status="FAIL">
          <params>
            <param index="0">
              <value>
                <![CDATA[Fund Transfer funtionality]]>
              </value>
            </param>
          </params>
          <exception class="cucumber.runtime.CucumberException">
            <message>
              <![CDATA[java.lang.AssertionError: expected [Transfer failed!! account cannot be overdraw] but found [Transfer failed!! account cannot be overdrawn]]]>
            </message>
            <full-stacktrace>
              <![CDATA[cucumber.runtime.CucumberException: java.lang.AssertionError: expected [Transfer failed!! account cannot be overdraw] but found [Transfer failed!! account cannot be overdrawn]
at cucumber.api.testng.TestNGCucumberRunner.runCucumber(TestNGCucumberRunner.java:69)
at cucumber.api.testng.AbstractTestNGCucumberTests.feature(AbstractTestNGCucumberTests.java:21)
at java.base/jdk.internal.reflect.NativeMethodAccessorImpl.invoke0(Native Method)
at java.base/jdk.internal.reflect.NativeMethodAccessorImpl.invoke(Unknown Source)
at java.base/jdk.internal.reflect.DelegatingMethodAccessorImpl.invoke(Unknown Source)
at java.base/java.lang.reflect.Method.invoke(Unknown Source)
at org.testng.internal.MethodInvocationHelper.invokeMethod(MethodInvocationHelper.java:124)
at org.testng.internal.Invoker.invokeMethod(Invoker.java:580)
at org.testng.internal.Invoker.invokeTestMethod(Invoker.java:716)
at org.testng.internal.Invoker.invokeTestMethods(Invoker.java:988)
at org.testng.internal.TestMethodWorker.invokeTestMethods(TestMethodWorker.java:125)
at org.testng.internal.TestMethodWorker.run(TestMethodWorker.java:109)
at org.testng.TestRunner.privateRun(TestRunner.java:648)
at org.testng.TestRunner.run(TestRunner.java:505)
at org.testng.SuiteRunner.runTest(SuiteRunner.java:455)
at org.testng.SuiteRunner.runSequentially(SuiteRunner.java:450)
at org.testng.SuiteRunner.privateRun(SuiteRunner.java:415)
at org.testng.SuiteRunner.run(SuiteRunner.java:364)
at org.testng.SuiteRunnerWorker.runSuite(SuiteRunnerWorker.java:52)
at org.testng.SuiteRunnerWorker.run(SuiteRunnerWorker.java:84)
at org.testng.TestNG.runSuitesSequentially(TestNG.java:1208)
at org.testng.TestNG.runSuitesLocally(TestNG.java:1137)
at org.testng.TestNG.runSuites(TestNG.java:1049)
at org.testng.TestNG.run(TestNG.java:1017)
at org.testng.remote.AbstractRemoteTestNG.run(AbstractRemoteTestNG.java:114)
at org.testng.remote.RemoteTestNG.initAndRun(RemoteTestNG.java:251)
at org.testng.remote.RemoteTestNG.main(RemoteTestNG.java:77)
Caused by: java.lang.AssertionError: expected [Transfer failed!! account cannot be overdraw] but found [Transfer failed!! account cannot be overdrawn]
at org.testng.Assert.fail(Assert.java:96)
at org.testng.Assert.failNotEquals(Assert.java:776)
at org.testng.Assert.assertEqualsImpl(Assert.java:137)
at org.testng.Assert.assertEquals(Assert.java:118)
at org.testng.Assert.assertEquals(Assert.java:453)
at org.testng.Assert.assertEquals(Assert.java:463)
at StepPack.FundTransferStepDefinition.i_should_get_fail_message(FundTransferStepDefinition.java:63)
at âœ½.Then I should get fail message "Transfer failed!! account cannot be overdraw"(FundTransfer.feature:17)
]]>
            </full-stacktrace>
          </exception> <!-- cucumber.runtime.CucumberException -->
          <reporter-output>
          </reporter-output>
        </test-method> <!-- feature -->
        <test-method signature="feature(cucumber.api.testng.CucumberFeatureWrapper)[pri:0, instance:StepPack.TestRunner@175b9425]" started-at="2019-01-21T23:56:53Z" name="feature" description="Runs Cucumber Feature" data-provider="features" finished-at="2019-01-21T23:56:58Z" duration-ms="5208" status="PASS">
          <params>
            <param index="0">
              <value>
                <![CDATA[OurWebsite signup]]>
              </value>
            </param>
          </params>
          <reporter-output>
          </reporter-output>
        </test-method> <!-- feature -->
        <test-method is-config="true" signature="tearDownClass()[pri:0, instance:StepPack.TestRunner@175b9425]" started-at="2019-01-21T23:56:58Z" name="tearDownClass" finished-at="2019-01-21T23:56:58Z" duration-ms="123" status="PASS">
          <reporter-output>
          </reporter-output>
        </test-method> <!-- tearDownClass -->
      </class> <!-- StepPack.TestRunner -->
    </test> <!-- Default test -->
  </suite> <!-- Default suite -->
</testng-results>
